<?xml version="1.0" encoding="UTF-8"?>
<!-- Generated by org.testng.reporters.JUnitReportReporter -->
<testsuite hostname="Karthik" failures="0" tests="1" name="Windows.Windows3" time="20.842" errors="0" timestamp="2020-12-19T19:14:14 IST" skipped="0">
  <testcase classname="Windows.Windows3" name="flipkartOption3" time="20.842"/>
  <system-out/>
</testsuite> <!-- Windows.Windows3 -->
