<?xml version="1.0" encoding="UTF-8"?>
<!-- Generated by org.testng.reporters.JUnitReportReporter -->
<testsuite hostname="Karthik" failures="0" tests="3" name="testng.Fbscenarios" time="24.818" errors="0" timestamp="2020-12-14T22:20:03 IST" skipped="0">
  <testcase classname="testng.Fbscenarios" name="forgot" time="2.872"/>
  <system-out/>
  <testcase classname="testng.Fbscenarios" name="signup" time="18.677"/>
  <system-out/>
  <testcase classname="testng.Fbscenarios" name="login" time="3.269"/>
  <system-out/>
</testsuite> <!-- testng.Fbscenarios -->
