<?xml version="1.0" encoding="UTF-8"?>
<!-- Generated by org.testng.reporters.JUnitReportReporter -->
<testsuite hostname="Karthik" failures="0" tests="3" name="Listners.Fbtestcases2" time="5.649" errors="0" timestamp="2020-12-18T22:16:42 IST" skipped="0">
  <testcase classname="Listners.Fbtestcases2" name="forgot" time="2.475"/>
  <system-out/>
  <testcase classname="Listners.Fbtestcases2" name="signup" time="2.837"/>
  <system-out/>
  <testcase classname="Listners.Fbtestcases2" name="login" time="0.337"/>
  <system-out/>
</testsuite> <!-- Listners.Fbtestcases2 -->
