<?xml version="1.0" encoding="UTF-8"?>
<!-- Generated by org.testng.reporters.JUnitReportReporter -->
<testsuite hostname="Karthik" failures="0" tests="1" name="testng2.Scenario2" time="2.284" errors="0" timestamp="2020-12-14T22:32:56 IST" skipped="0">
  <testcase classname="testng2.Scenario2" name="forgot" time="2.284"/>
  <system-out/>
</testsuite> <!-- testng2.Scenario2 -->
