<?xml version="1.0" encoding="UTF-8"?>
<!-- Generated by org.testng.reporters.JUnitReportReporter -->
<testsuite hostname="Karthik" failures="0" tests="1" name="Windows.Windows1" time="26.547" errors="0" timestamp="2020-12-18T23:09:13 IST" skipped="0">
  <testcase classname="Windows.Windows1" name="flipKart1" time="26.547"/>
  <system-out/>
</testsuite> <!-- Windows.Windows1 -->
