<?xml version="1.0" encoding="UTF-8"?>
<!-- Generated by org.testng.reporters.JUnitReportReporter -->
<testsuite hostname="Karthik" failures="0" tests="1" name="testng2.Scenario3" time="8.544" errors="0" timestamp="2020-12-14T22:38:32 IST" skipped="0">
  <testcase classname="testng2.Scenario3" name="signup" time="8.544"/>
  <system-out/>
</testsuite> <!-- testng2.Scenario3 -->
