<?xml version="1.0" encoding="UTF-8"?>
<!-- Generated by org.testng.reporters.JUnitReportReporter -->
<testsuite hostname="Karthik" failures="0" tests="1" name="Windows.Windows2" time="23.690" errors="0" timestamp="2020-12-19T18:58:29 IST" skipped="0">
  <testcase classname="Windows.Windows2" name="flipkartOperations" time="23.690"/>
  <system-out/>
</testsuite> <!-- Windows.Windows2 -->
