<?xml version="1.0" encoding="UTF-8"?>
<!-- Generated by org.testng.reporters.JUnitReportReporter -->
<testsuite hostname="Karthik" failures="0" tests="1" name="practice.Sample1" time="11.723" errors="0" timestamp="2020-12-18T22:05:26 IST" skipped="0">
  <testcase classname="practice.Sample1" name="testSample" time="11.723"/>
  <system-out/>
</testsuite> <!-- practice.Sample1 -->
